mode: set
github.com/joelanford/library-olm/catalog/fbc/catalog.go:30.64,32.16 2 1
github.com/joelanford/library-olm/catalog/fbc/catalog.go:32.16,34.3 1 0
github.com/joelanford/library-olm/catalog/fbc/catalog.go:36.2,36.55 1 1
github.com/joelanford/library-olm/catalog/fbc/catalog.go:36.55,39.3 2 1
github.com/joelanford/library-olm/catalog/fbc/catalog.go:41.2,44.62 3 1
github.com/joelanford/library-olm/catalog/fbc/catalog.go:44.62,47.3 2 1
github.com/joelanford/library-olm/catalog/fbc/catalog.go:49.2,53.8 1 1
github.com/joelanford/library-olm/catalog/fbc/catalog.go:57.33,59.2 1 1
github.com/joelanford/library-olm/catalog/fbc/catalog.go:61.93,63.2 1 1
github.com/joelanford/library-olm/catalog/fbc/catalog.go:65.95,67.2 1 1
